<?xml version="1.0" encoding="UTF-8"?>
<!-- Generated by org.testng.reporters.JUnitReportReporter -->
<testsuite hostname="Admin" failures="0" tests="2" name="testNG.Script" time="0.003" errors="0" timestamp="2024-11-27T12:13:04 IST" skipped="0">
  <testcase classname="testNG.Script" name="Testcase1" time="0.003"/>
  <system-out>
    <![CDATA[hello]]>
  </system-out>
  <testcase classname="testNG.Script" name="Testcase1" time="0.000"/>
  <system-out>
    <![CDATA[hello]]>
  </system-out>
</testsuite> <!-- testNG.Script -->
