<?xml version="1.0" encoding="UTF-8"?>
<!-- Generated by org.testng.reporters.JUnitReportReporter -->
<testsuite hostname="Admin" failures="0" tests="1" name="testNG.Script01" time="0.016" errors="0" timestamp="2024-11-26T12:03:43 IST" skipped="0">
  <testcase classname="testNG.Script01" name="Testcase1" time="0.016"/>
  <system-out>
    <![CDATA[Hello]]>
  </system-out>
</testsuite> <!-- testNG.Script01 -->
