<?xml version="1.0" encoding="UTF-8"?>
<!-- Generated by org.testng.reporters.JUnitReportReporter -->
<testsuite hostname="Admin" failures="0" tests="1" name="Framework.TestCase01" time="13.702" errors="0" timestamp="2024-11-28T12:29:38 IST" skipped="0">
  <testcase classname="Framework.TestCase01" name="usn" time="13.702"/>
  <system-out/>
</testsuite> <!-- Framework.TestCase01 -->
