<?xml version="1.0" encoding="UTF-8"?>
<!-- Generated by org.testng.reporters.JUnitReportReporter -->
<testsuite hostname="Admin" failures="0" tests="1" name="Framework.TestCase02" time="15.518" errors="0" timestamp="2024-11-28T12:29:38 IST" skipped="0">
  <testcase classname="Framework.TestCase02" name="psw" time="15.518"/>
  <system-out/>
</testsuite> <!-- Framework.TestCase02 -->
