<?xml version="1.0" encoding="UTF-8"?>
<!-- Generated by org.testng.reporters.JUnitReportReporter -->
<testsuite hostname="Admin" failures="0" tests="1" name="Framework.GenericScript" time="7.234" errors="0" timestamp="2024-11-28T12:20:24 IST" skipped="0">
  <testcase classname="Framework.GenericScript" name="Browsersetup" time="7.234"/>
  <system-out/>
</testsuite> <!-- Framework.GenericScript -->
