<?xml version="1.0" encoding="UTF-8"?>
<!-- Generated by org.testng.reporters.JUnitReportReporter -->
<testsuite hostname="Admin" failures="0" tests="4" name="testNG.Script06" time="0.003" errors="0" timestamp="2024-11-27T12:13:04 IST" skipped="1">
  <testcase classname="testNG.Script06" name="login" time="0.002"/>
  <system-out/>
  <testcase classname="testNG.Script06" name="Signup" time="0.001"/>
  <system-out/>
  <testcase classname="testNG.Script06" name="logout" time="0.000"/>
  <system-out/>
  <testcase classname="testNG.Script06" name="homepage">
    <skipped/>
  </testcase> <!-- homepage -->
  <system-out/>
</testsuite> <!-- testNG.Script06 -->
