<?xml version="1.0" encoding="UTF-8"?>
<!-- Generated by org.testng.reporters.JUnitReportReporter -->
<testsuite hostname="Admin" failures="0" tests="2" name="runnerScript.Testcase01" time="20.231" errors="0" timestamp="2024-12-03T13:38:59 IST" skipped="0">
  <testcase classname="runnerScript.Testcase01" name="Login" time="13.936"/>
  <system-out/>
  <testcase classname="runnerScript.Testcase01" name="Login" time="6.295"/>
  <system-out/>
</testsuite> <!-- runnerScript.Testcase01 -->
