<?xml version="1.0" encoding="UTF-8"?>
<!-- Generated by org.testng.reporters.JUnitReportReporter -->
<testsuite hostname="Admin" failures="0" tests="1" name="Framework.TestCase03" time="11.382" errors="0" timestamp="2024-11-28T12:29:38 IST" skipped="0">
  <testcase classname="Framework.TestCase03" name="Title" time="11.382"/>
  <system-out/>
</testsuite> <!-- Framework.TestCase03 -->
